<?xml version="1.0" encoding="UTF-8"?>
<!-- Generated by org.testng.reporters.JUnitXMLReporter -->
<testsuite hostname="HJNZL001973" ignored="0" name="ChromeTest" tests="25" failures="0" timestamp="2021-11-20T19:42:53 IST" time="859.645" errors="0">
  <testcase name="CheckingAllUIFeatures" time="28.824" classname="com.selenium.functionalTest.UserInterface"/>
  <testcase name="EmptyField" time="7.319" classname="com.selenium.functionalTest.EmptyFieldRegistration"/>
  <testcase name="uncheckPrivacyPolicy" time="28.288" classname="com.selenium.functionalTest.InvalidPrivacyPolicyRegistration"/>
  <testcase name="limitCheck" time="25.265" classname="com.selenium.functionalTest.MinPasswordLimitRegistration"/>
  <testcase name="checkConfirmPassword" time="28.376" classname="com.selenium.functionalTest.ConfirmPasswordWarning"/>
  <testcase name="invalidPhoneCheck" time="27.498" classname="com.selenium.functionalTest.InvalidPhoneNoRegistration"/>
  <testcase name="validRegistration" time="33.514" classname="com.selenium.functionalTest.ValidUserRegistration"/>
  <testcase name="invalidLogin" time="23.687" classname="com.selenium.functionalTest.InvalidLogin"/>
  <testcase name="forgotPassword" time="29.311" classname="com.selenium.functionalTest.ForgotPassword"/>
  <testcase name="login" time="23.868" classname="com.selenium.functionalTest.Login"/>
  <testcase name="updateInformation" time="28.388" classname="com.selenium.functionalTest.UpdateInformation"/>
  <testcase name="logout" time="12.17" classname="com.selenium.functionalTest.UserLogout"/>
  <testcase name="Search" time="20.103" classname="com.selenium.functionalTest.SearchFunction"/>
  <testcase name="negativeSearch" time="20.113" classname="com.selenium.functionalTest.SearchFunctionNegative"/>
  <testcase name="contact" time="24.17" classname="com.selenium.functionalTest.ContactUsTest"/>
  <testcase name="addToCart" time="22.824" classname="com.selenium.functionalTest.AddToCart"/>
  <testcase name="productInCart" time="22.581" classname="com.selenium.functionalTest.ProductInShoppingCart"/>
  <testcase name="updateRemoveCart" time="44.334" classname="com.selenium.functionalTest.UpdateRemoveCart"/>
  <testcase name="cartTotal" time="8.891" classname="com.selenium.functionalTest.CartTotalButton"/>
  <testcase name="checkoutProduct" time="71.951" classname="com.selenium.functionalTest.CheckoutProduct"/>
  <testcase name="login" time="9.569" classname="com.selenium.functionalTest.AdminLogin"/>
  <testcase name="printInvoice" time="12.803" classname="com.selenium.functionalTest.PrintInvoice"/>
  <testcase name="orderComplete" time="32.526" classname="com.selenium.functionalTest.CompleteCustomerOrder"/>
  <testcase name="deleteOrder" time="12.548" classname="com.selenium.functionalTest.DeleteOrder"/>
  <testcase name="deleteCustomer" time="14.797" classname="com.selenium.functionalTest.DeleteCustomer"/>
</testsuite> <!-- ChromeTest -->
